======================================================================
[B-1 SAFE] 인덱싱 시작 (C:\Users\ykiki\Projects\AI-Proposal\proposal_ai\data\winning_proposals)
  시작 메모리: 80MB
  - [경찰청] 스마트워크시스템 고도화 사업 제안_발표자료_GD_완_v10.pdf
======================================================================
ChromaDB 연결 중…
[32m2026-04-30 13:11:47.447[0m | [1mINFO    [0m | [36mrag.vector_store[0m:[36m__init__[0m:[36m54[0m - [1mVectorStore 초기화: reference_proposals (현재 32건)[0m
  시작 시점 컬렉션 청크 수: 32

----------------------------------------------------------------------
[1/1] [경찰청] 스마트워크시스템 고도화 사업 제안_발표자료_GD_완_v10.pdf
----------------------------------------------------------------------
  ▷ PDF 파싱… mem=122MB
    캐시 히트: [경찰청] 스마트워크시스템 고도화 사업 제안_발표자료_GD_완_v10.json
    페이지 74 / mem=123MB
  ▷ 청킹 + 임베딩 + upsert (스트리밍, batch=16)…
    flush 16청크 / 파일누적 16 / 컬렉션 32 / mem=127MB
    flush 16청크 / 파일누적 32 / 컬렉션 32 / mem=127MB
    flush 16청크 / 파일누적 48 / 컬렉션 48 / mem=128MB
    flush 16청크 / 파일누적 64 / 컬렉션 64 / mem=128MB
    flush 16청크 / 파일누적 80 / 컬렉션 80 / mem=128MB
    flush 16청크 / 파일누적 96 / 컬렉션 96 / mem=129MB
    flush 16청크 / 파일누적 112 / 컬렉션 112 / mem=130MB
    flush 16청크 / 파일누적 128 / 컬렉션 128 / mem=130MB
    flush 16청크 / 파일누적 144 / 컬렉션 144 / mem=131MB
    flush 16청크 / 파일누적 160 / 컬렉션 160 / mem=131MB
    flush 16청크 / 파일누적 176 / 컬렉션 176 / mem=131MB
    flush 16청크 / 파일누적 192 / 컬렉션 192 / mem=129MB
    flush 16청크 / 파일누적 208 / 컬렉션 208 / mem=129MB
    flush 16청크 / 파일누적 224 / 컬렉션 224 / mem=129MB
    flush 16청크 / 파일누적 240 / 컬렉션 240 / mem=130MB
    flush 16청크 / 파일누적 256 / 컬렉션 256 / mem=130MB
    flush 16청크 / 파일누적 272 / 컬렉션 272 / mem=131MB
    flush 16청크 / 파일누적 288 / 컬렉션 288 / mem=131MB
    flush 16청크 / 파일누적 304 / 컬렉션 304 / mem=132MB
    flush 16청크 / 파일누적 320 / 컬렉션 320 / mem=131MB
    flush 16청크 / 파일누적 336 / 컬렉션 336 / mem=132MB
    flush 16청크 / 파일누적 352 / 컬렉션 352 / mem=132MB
    flush 16청크 / 파일누적 368 / 컬렉션 368 / mem=132MB
    flush 16청크 / 파일누적 384 / 컬렉션 384 / mem=133MB
    flush 16청크 / 파일누적 400 / 컬렉션 400 / mem=133MB
    flush 16청크 / 파일누적 416 / 컬렉션 416 / mem=133MB
    flush 16청크 / 파일누적 432 / 컬렉션 432 / mem=133MB
    flush 16청크 / 파일누적 448 / 컬렉션 448 / mem=133MB
    flush 16청크 / 파일누적 464 / 컬렉션 464 / mem=134MB
    flush 16청크 / 파일누적 480 / 컬렉션 480 / mem=134MB
    flush 16청크 / 파일누적 496 / 컬렉션 496 / mem=131MB
    flush 16청크 / 파일누적 512 / 컬렉션 512 / mem=131MB
    flush 16청크 / 파일누적 528 / 컬렉션 528 / mem=132MB
    flush 16청크 / 파일누적 544 / 컬렉션 544 / mem=132MB
    flush 16청크 / 파일누적 560 / 컬렉션 560 / mem=132MB
    flush 16청크 / 파일누적 576 / 컬렉션 576 / mem=132MB
    flush 16청크 / 파일누적 592 / 컬렉션 592 / mem=132MB
    flush 16청크 / 파일누적 608 / 컬렉션 608 / mem=133MB
    flush 16청크 / 파일누적 624 / 컬렉션 624 / mem=132MB
    flush 16청크 / 파일누적 640 / 컬렉션 640 / mem=131MB
    flush 16청크 / 파일누적 656 / 컬렉션 656 / mem=133MB
    flush 16청크 / 파일누적 672 / 컬렉션 672 / mem=133MB
    flush 16청크 / 파일누적 688 / 컬렉션 688 / mem=134MB
    flush 16청크 / 파일누적 704 / 컬렉션 704 / mem=131MB
    flush 16청크 / 파일누적 720 / 컬렉션 720 / mem=132MB
    flush 16청크 / 파일누적 736 / 컬렉션 736 / mem=132MB
    flush 16청크 / 파일누적 752 / 컬렉션 752 / mem=132MB
    flush 16청크 / 파일누적 768 / 컬렉션 768 / mem=134MB
    flush 16청크 / 파일누적 784 / 컬렉션 784 / mem=132MB
    flush 16청크 / 파일누적 800 / 컬렉션 800 / mem=135MB
    flush 16청크 / 파일누적 816 / 컬렉션 816 / mem=133MB
    flush 16청크 / 파일누적 832 / 컬렉션 832 / mem=136MB
    flush 16청크 / 파일누적 848 / 컬렉션 848 / mem=135MB
    flush 16청크 / 파일누적 864 / 컬렉션 864 / mem=133MB
    flush 16청크 / 파일누적 880 / 컬렉션 880 / mem=134MB
    flush 16청크 / 파일누적 896 / 컬렉션 896 / mem=134MB
    flush 16청크 / 파일누적 912 / 컬렉션 912 / mem=134MB
    flush 16청크 / 파일누적 928 / 컬렉션 928 / mem=134MB
    flush 16청크 / 파일누적 944 / 컬렉션 944 / mem=134MB
    flush 16청크 / 파일누적 960 / 컬렉션 960 / mem=135MB
    flush 16청크 / 파일누적 976 / 컬렉션 976 / mem=135MB
    flush 16청크 / 파일누적 992 / 컬렉션 992 / mem=136MB
    flush 16청크 / 파일누적 1008 / 컬렉션 1008 / mem=136MB
    flush 16청크 / 파일누적 1024 / 컬렉션 1024 / mem=136MB
    flush 16청크 / 파일누적 1040 / 컬렉션 1040 / mem=137MB
    flush 16청크 / 파일누적 1056 / 컬렉션 1056 / mem=137MB
    flush 16청크 / 파일누적 1072 / 컬렉션 1072 / mem=137MB
    flush 16청크 / 파일누적 1088 / 컬렉션 1088 / mem=137MB
    flush 16청크 / 파일누적 1104 / 컬렉션 1104 / mem=137MB
    flush 16청크 / 파일누적 1120 / 컬렉션 1120 / mem=138MB
    flush 16청크 / 파일누적 1136 / 컬렉션 1136 / mem=138MB
    flush 16청크 / 파일누적 1152 / 컬렉션 1152 / mem=138MB
    flush 16청크 / 파일누적 1168 / 컬렉션 1168 / mem=138MB
    flush 16청크 / 파일누적 1184 / 컬렉션 1184 / mem=139MB
    flush 16청크 / 파일누적 1200 / 컬렉션 1200 / mem=139MB
    flush 16청크 / 파일누적 1216 / 컬렉션 1216 / mem=139MB
    flush 16청크 / 파일누적 1232 / 컬렉션 1232 / mem=140MB
    flush 16청크 / 파일누적 1248 / 컬렉션 1248 / mem=140MB
    flush 16청크 / 파일누적 1264 / 컬렉션 1264 / mem=137MB
    flush 16청크 / 파일누적 1280 / 컬렉션 1280 / mem=140MB
    flush 16청크 / 파일누적 1296 / 컬렉션 1296 / mem=137MB
    flush 16청크 / 파일누적 1312 / 컬렉션 1312 / mem=138MB
    flush 16청크 / 파일누적 1328 / 컬렉션 1328 / mem=138MB
    flush 16청크 / 파일누적 1344 / 컬렉션 1344 / mem=138MB
    flush 16청크 / 파일누적 1360 / 컬렉션 1360 / mem=138MB
    flush 16청크 / 파일누적 1376 / 컬렉션 1376 / mem=139MB
    flush 16청크 / 파일누적 1392 / 컬렉션 1392 / mem=139MB
    flush 16청크 / 파일누적 1408 / 컬렉션 1408 / mem=142MB
    flush 16청크 / 파일누적 1424 / 컬렉션 1424 / mem=142MB
    flush 16청크 / 파일누적 1440 / 컬렉션 1440 / mem=142MB
    flush 16청크 / 파일누적 1456 / 컬렉션 1456 / mem=143MB
    flush 16청크 / 파일누적 1472 / 컬렉션 1472 / mem=139MB
    flush 16청크 / 파일누적 1488 / 컬렉션 1488 / mem=139MB
    flush 16청크 / 파일누적 1504 / 컬렉션 1504 / mem=139MB
    flush 16청크 / 파일누적 1520 / 컬렉션 1520 / mem=137MB
    flush 16청크 / 파일누적 1536 / 컬렉션 1536 / mem=139MB
    flush 16청크 / 파일누적 1552 / 컬렉션 1552 / mem=139MB
    flush 16청크 / 파일누적 1568 / 컬렉션 1568 / mem=139MB
    flush 16청크 / 파일누적 1584 / 컬렉션 1584 / mem=137MB
    flush 16청크 / 파일누적 1600 / 컬렉션 1600 / mem=143MB
    flush 16청크 / 파일누적 1616 / 컬렉션 1616 / mem=137MB
    flush 16청크 / 파일누적 1632 / 컬렉션 1632 / mem=138MB
    flush 16청크 / 파일누적 1648 / 컬렉션 1648 / mem=138MB
    flush 16청크 / 파일누적 1664 / 컬렉션 1664 / mem=138MB
    flush 16청크 / 파일누적 1680 / 컬렉션 1680 / mem=138MB
    flush 16청크 / 파일누적 1696 / 컬렉션 1696 / mem=139MB
    flush 16청크 / 파일누적 1712 / 컬렉션 1712 / mem=139MB
    flush 16청크 / 파일누적 1728 / 컬렉션 1728 / mem=139MB
    flush 16청크 / 파일누적 1744 / 컬렉션 1744 / mem=139MB
    flush 16청크 / 파일누적 1760 / 컬렉션 1760 / mem=138MB
    flush 16청크 / 파일누적 1776 / 컬렉션 1776 / mem=145MB
    flush 16청크 / 파일누적 1792 / 컬렉션 1792 / mem=140MB
    flush 16청크 / 파일누적 1808 / 컬렉션 1808 / mem=146MB
    flush 16청크 / 파일누적 1824 / 컬렉션 1824 / mem=147MB
    flush 16청크 / 파일누적 1840 / 컬렉션 1840 / mem=148MB
    flush 16청크 / 파일누적 1856 / 컬렉션 1856 / mem=141MB
    flush 16청크 / 파일누적 1872 / 컬렉션 1872 / mem=141MB
    flush 16청크 / 파일누적 1888 / 컬렉션 1888 / mem=142MB
    flush 16청크 / 파일누적 1904 / 컬렉션 1904 / mem=141MB
    flush 16청크 / 파일누적 1920 / 컬렉션 1920 / mem=142MB
    flush 16청크 / 파일누적 1936 / 컬렉션 1936 / mem=148MB
    flush 16청크 / 파일누적 1952 / 컬렉션 1952 / mem=141MB
    flush 16청크 / 파일누적 1968 / 컬렉션 1968 / mem=148MB
    flush 16청크 / 파일누적 1984 / 컬렉션 1984 / mem=142MB
    flush 16청크 / 파일누적 2000 / 컬렉션 2000 / mem=143MB
    flush 16청크 / 파일누적 2016 / 컬렉션 2016 / mem=143MB
    flush 16청크 / 파일누적 2032 / 컬렉션 2032 / mem=143MB
    flush 16청크 / 파일누적 2048 / 컬렉션 2048 / mem=143MB
    flush 16청크 / 파일누적 2064 / 컬렉션 2064 / mem=144MB
    flush 16청크 / 파일누적 2080 / 컬렉션 2080 / mem=144MB
    flush 16청크 / 파일누적 2096 / 컬렉션 2096 / mem=144MB
    flush 16청크 / 파일누적 2112 / 컬렉션 2112 / mem=145MB
    flush 16청크 / 파일누적 2128 / 컬렉션 2128 / mem=145MB
    flush 16청크 / 파일누적 2144 / 컬렉션 2144 / mem=145MB
    flush 16청크 / 파일누적 2160 / 컬렉션 2160 / mem=145MB
    flush 16청크 / 파일누적 2176 / 컬렉션 2176 / mem=145MB
    flush 16청크 / 파일누적 2192 / 컬렉션 2192 / mem=145MB
    flush 16청크 / 파일누적 2208 / 컬렉션 2208 / mem=145MB
    flush 16청크 / 파일누적 2224 / 컬렉션 2224 / mem=145MB
    flush 16청크 / 파일누적 2240 / 컬렉션 2240 / mem=146MB
    flush 16청크 / 파일누적 2256 / 컬렉션 2256 / mem=146MB
    flush 16청크 / 파일누적 2272 / 컬렉션 2272 / mem=147MB
    flush 16청크 / 파일누적 2288 / 컬렉션 2288 / mem=147MB
    flush 16청크 / 파일누적 2304 / 컬렉션 2304 / mem=148MB
    flush 16청크 / 파일누적 2320 / 컬렉션 2320 / mem=148MB
    flush 16청크 / 파일누적 2336 / 컬렉션 2336 / mem=148MB
    flush 16청크 / 파일누적 2352 / 컬렉션 2352 / mem=148MB
    flush 16청크 / 파일누적 2368 / 컬렉션 2368 / mem=148MB
    flush 16청크 / 파일누적 2384 / 컬렉션 2384 / mem=149MB
    flush 16청크 / 파일누적 2400 / 컬렉션 2400 / mem=149MB
    flush 16청크 / 파일누적 2416 / 컬렉션 2416 / mem=149MB
    flush 16청크 / 파일누적 2432 / 컬렉션 2432 / mem=149MB
    flush 16청크 / 파일누적 2448 / 컬렉션 2448 / mem=149MB
    flush 16청크 / 파일누적 2464 / 컬렉션 2464 / mem=149MB
    flush 16청크 / 파일누적 2480 / 컬렉션 2480 / mem=145MB
    flush 16청크 / 파일누적 2496 / 컬렉션 2496 / mem=148MB
    flush 16청크 / 파일누적 2512 / 컬렉션 2512 / mem=148MB
    flush 16청크 / 파일누적 2528 / 컬렉션 2528 / mem=148MB
    flush 16청크 / 파일누적 2544 / 컬렉션 2544 / mem=148MB
    flush 16청크 / 파일누적 2560 / 컬렉션 2560 / mem=150MB
    flush 16청크 / 파일누적 2576 / 컬렉션 2576 / mem=151MB
    flush 16청크 / 파일누적 2592 / 컬렉션 2592 / mem=151MB
    flush 16청크 / 파일누적 2608 / 컬렉션 2608 / mem=146MB
    flush 16청크 / 파일누적 2624 / 컬렉션 2624 / mem=151MB
    flush 16청크 / 파일누적 2640 / 컬렉션 2640 / mem=152MB
    flush 16청크 / 파일누적 2656 / 컬렉션 2656 / mem=152MB
    flush 16청크 / 파일누적 2672 / 컬렉션 2672 / mem=152MB
    flush 16청크 / 파일누적 2688 / 컬렉션 2688 / mem=153MB
    flush 16청크 / 파일누적 2704 / 컬렉션 2704 / mem=153MB
    flush 16청크 / 파일누적 2720 / 컬렉션 2720 / mem=153MB
    flush 16청크 / 파일누적 2736 / 컬렉션 2736 / mem=146MB
    flush 16청크 / 파일누적 2752 / 컬렉션 2752 / mem=151MB
    flush 16청크 / 파일누적 2768 / 컬렉션 2768 / mem=148MB
    flush 16청크 / 파일누적 2784 / 컬렉션 2784 / mem=152MB
    flush 16청크 / 파일누적 2800 / 컬렉션 2800 / mem=152MB
    flush 16청크 / 파일누적 2816 / 컬렉션 2816 / mem=153MB
    flush 16청크 / 파일누적 2832 / 컬렉션 2832 / mem=154MB
    flush 16청크 / 파일누적 2848 / 컬렉션 2848 / mem=154MB
    flush 16청크 / 파일누적 2864 / 컬렉션 2864 / mem=154MB
    flush 16청크 / 파일누적 2880 / 컬렉션 2880 / mem=148MB
    flush 16청크 / 파일누적 2896 / 컬렉션 2896 / mem=153MB
    flush 16청크 / 파일누적 2912 / 컬렉션 2912 / mem=154MB
    flush 16청크 / 파일누적 2928 / 컬렉션 2928 / mem=154MB
    flush 16청크 / 파일누적 2944 / 컬렉션 2944 / mem=154MB
    flush 16청크 / 파일누적 2960 / 컬렉션 2960 / mem=154MB
    flush 16청크 / 파일누적 2976 / 컬렉션 2976 / mem=155MB
    flush 16청크 / 파일누적 2992 / 컬렉션 2992 / mem=155MB
    flush 16청크 / 파일누적 3008 / 컬렉션 3008 / mem=155MB
    flush 16청크 / 파일누적 3024 / 컬렉션 3024 / mem=155MB
    flush 16청크 / 파일누적 3040 / 컬렉션 3040 / mem=155MB
    flush 16청크 / 파일누적 3056 / 컬렉션 3056 / mem=155MB
    flush 16청크 / 파일누적 3072 / 컬렉션 3072 / mem=155MB
    flush 16청크 / 파일누적 3088 / 컬렉션 3088 / mem=155MB
    flush 16청크 / 파일누적 3104 / 컬렉션 3104 / mem=155MB
    flush 16청크 / 파일누적 3120 / 컬렉션 3120 / mem=155MB
    flush 16청크 / 파일누적 3136 / 컬렉션 3136 / mem=155MB
    flush 16청크 / 파일누적 3152 / 컬렉션 3152 / mem=156MB
    flush 16청크 / 파일누적 3168 / 컬렉션 3168 / mem=156MB
    flush 16청크 / 파일누적 3184 / 컬렉션 3184 / mem=156MB
    flush 16청크 / 파일누적 3200 / 컬렉션 3200 / mem=156MB
    flush 16청크 / 파일누적 3216 / 컬렉션 3216 / mem=156MB
    flush 16청크 / 파일누적 3232 / 컬렉션 3232 / mem=156MB
    flush 16청크 / 파일누적 3248 / 컬렉션 3248 / mem=156MB
    flush 16청크 / 파일누적 3264 / 컬렉션 3264 / mem=156MB
    flush 16청크 / 파일누적 3280 / 컬렉션 3280 / mem=156MB
    flush 16청크 / 파일누적 3296 / 컬렉션 3296 / mem=156MB
    flush 16청크 / 파일누적 3312 / 컬렉션 3312 / mem=156MB
    flush 16청크 / 파일누적 3328 / 컬렉션 3328 / mem=156MB
    flush 16청크 / 파일누적 3344 / 컬렉션 3344 / mem=156MB
    flush 16청크 / 파일누적 3360 / 컬렉션 3360 / mem=156MB
    flush 16청크 / 파일누적 3376 / 컬렉션 3376 / mem=156MB
    flush 16청크 / 파일누적 3392 / 컬렉션 3392 / mem=157MB
    flush 16청크 / 파일누적 3408 / 컬렉션 3408 / mem=157MB
    flush 16청크 / 파일누적 3424 / 컬렉션 3424 / mem=157MB
    flush 16청크 / 파일누적 3440 / 컬렉션 3440 / mem=157MB
    flush 16청크 / 파일누적 3456 / 컬렉션 3456 / mem=157MB
    flush 16청크 / 파일누적 3472 / 컬렉션 3472 / mem=157MB
    flush 16청크 / 파일누적 3488 / 컬렉션 3488 / mem=157MB
    flush 16청크 / 파일누적 3504 / 컬렉션 3504 / mem=157MB
    flush 16청크 / 파일누적 3520 / 컬렉션 3520 / mem=157MB
    flush 16청크 / 파일누적 3536 / 컬렉션 3536 / mem=157MB
    flush 16청크 / 파일누적 3552 / 컬렉션 3552 / mem=157MB
    flush 16청크 / 파일누적 3568 / 컬렉션 3568 / mem=157MB
    flush 16청크 / 파일누적 3584 / 컬렉션 3584 / mem=157MB
    flush 16청크 / 파일누적 3600 / 컬렉션 3600 / mem=157MB
    flush 16청크 / 파일누적 3616 / 컬렉션 3616 / mem=157MB
    flush 16청크 / 파일누적 3632 / 컬렉션 3632 / mem=155MB
    flush 16청크 / 파일누적 3648 / 컬렉션 3648 / mem=156MB
    flush 16청크 / 파일누적 3664 / 컬렉션 3664 / mem=156MB
    flush 16청크 / 파일누적 3680 / 컬렉션 3680 / mem=156MB
    flush 16청크 / 파일누적 3696 / 컬렉션 3696 / mem=157MB
    flush 16청크 / 파일누적 3712 / 컬렉션 3712 / mem=157MB
    flush 16청크 / 파일누적 3728 / 컬렉션 3728 / mem=158MB
    flush 16청크 / 파일누적 3744 / 컬렉션 3744 / mem=158MB
    flush 16청크 / 파일누적 3760 / 컬렉션 3760 / mem=158MB
    flush 16청크 / 파일누적 3776 / 컬렉션 3776 / mem=158MB
    flush 16청크 / 파일누적 3792 / 컬렉션 3792 / mem=158MB
    flush 16청크 / 파일누적 3808 / 컬렉션 3808 / mem=159MB
    flush 16청크 / 파일누적 3824 / 컬렉션 3824 / mem=159MB
    flush 16청크 / 파일누적 3840 / 컬렉션 3840 / mem=153MB
    flush 16청크 / 파일누적 3856 / 컬렉션 3856 / mem=157MB
    flush 16청크 / 파일누적 3872 / 컬렉션 3872 / mem=158MB
    flush 16청크 / 파일누적 3888 / 컬렉션 3888 / mem=159MB
    flush 16청크 / 파일누적 3904 / 컬렉션 3904 / mem=159MB
    flush 16청크 / 파일누적 3920 / 컬렉션 3920 / mem=160MB
    flush 16청크 / 파일누적 3936 / 컬렉션 3936 / mem=151MB
    flush 16청크 / 파일누적 3952 / 컬렉션 3952 / mem=159MB
    flush 16청크 / 파일누적 3968 / 컬렉션 3968 / mem=160MB
    flush 16청크 / 파일누적 3984 / 컬렉션 3984 / mem=154MB
    flush 16청크 / 파일누적 4000 / 컬렉션 4000 / mem=159MB
    flush 16청크 / 파일누적 4016 / 컬렉션 4016 / mem=159MB
    flush 16청크 / 파일누적 4032 / 컬렉션 4032 / mem=159MB
    flush 16청크 / 파일누적 4048 / 컬렉션 4048 / mem=159MB
    flush 16청크 / 파일누적 4064 / 컬렉션 4064 / mem=159MB
    flush 16청크 / 파일누적 4080 / 컬렉션 4080 / mem=159MB
    flush 16청크 / 파일누적 4096 / 컬렉션 4096 / mem=159MB
    flush 16청크 / 파일누적 4112 / 컬렉션 4112 / mem=160MB
    flush 16청크 / 파일누적 4128 / 컬렉션 4128 / mem=160MB
    flush 16청크 / 파일누적 4144 / 컬렉션 4144 / mem=160MB
    flush 16청크 / 파일누적 4160 / 컬렉션 4160 / mem=160MB
    flush 16청크 / 파일누적 4176 / 컬렉션 4176 / mem=160MB
    flush 16청크 / 파일누적 4192 / 컬렉션 4192 / mem=160MB
    flush 16청크 / 파일누적 4208 / 컬렉션 4208 / mem=160MB
    flush 16청크 / 파일누적 4224 / 컬렉션 4224 / mem=160MB
