======================================================================
[B-1 SAFE] 인덱싱 시작 (C:\Users\ykiki\Projects\AI-Proposal\proposal_ai\data\winning_proposals)
  시작 메모리: 80MB
  - [정성제안서]KYWA 대표홈페이지 유지보수 용역_v1.0.pdf
  - 2026 서울 MICE 홈페이지 및 종합지원시스템 통합 유지보수 용역_기술제안서_원본.pdf
  - 2026년 내친구서울 누리집 재개발 용역_기술제안서_원본.pdf
======================================================================
ChromaDB 연결 중…
[32m2026-04-30 13:32:43.228[0m | [1mINFO    [0m | [36mrag.vector_store[0m:[36m__init__[0m:[36m54[0m - [1mVectorStore 초기화: reference_proposals (현재 140건)[0m
  시작 시점 컬렉션 청크 수: 140

----------------------------------------------------------------------
[1/3] [정성제안서]KYWA 대표홈페이지 유지보수 용역_v1.0.pdf
----------------------------------------------------------------------
  ▷ PDF 파싱… mem=124MB
    pdfplumber 열림 (페이지 95)
    페이지 진행: 5/95  mem=198MB
    페이지 진행: 10/95  mem=376MB
    페이지 진행: 15/95  mem=488MB
    페이지 진행: 20/95  mem=734MB
    페이지 진행: 25/95  mem=912MB
    페이지 진행: 30/95  mem=1083MB
    페이지 진행: 35/95  mem=1320MB
    페이지 진행: 40/95  mem=1596MB
    페이지 진행: 45/95  mem=1875MB
    페이지 진행: 50/95  mem=2063MB
    페이지 진행: 55/95  mem=2250MB
    페이지 진행: 60/95  mem=2475MB
    페이지 진행: 65/95  mem=2758MB
    페이지 진행: 70/95  mem=2966MB
    페이지 진행: 75/95  mem=3297MB
    페이지 진행: 80/95  mem=3560MB
    페이지 진행: 85/95  mem=3841MB
    페이지 진행: 90/95  mem=3994MB
    페이지 진행: 95/95  mem=4250MB
    캐시 저장: [정성제안서]KYWA 대표홈페이지 유지보수 용역_v1.0.json
    페이지 95 / mem=4250MB
  ▷ 청킹 + 임베딩 + upsert (스트리밍, batch=16)…
    flush 16청크 / 파일누적 16 / 컬렉션 156 / mem=4254MB
    flush 16청크 / 파일누적 32 / 컬렉션 172 / mem=4255MB
    flush 16청크 / 파일누적 48 / 컬렉션 188 / mem=4255MB
    flush 16청크 / 파일누적 64 / 컬렉션 204 / mem=4256MB
    flush 16청크 / 파일누적 80 / 컬렉션 220 / mem=4256MB
    flush 16청크 / 파일누적 96 / 컬렉션 236 / mem=4256MB
    flush 16청크 / 파일누적 112 / 컬렉션 252 / mem=4257MB
    flush 9청크 / 파일누적 121 / 컬렉션 261 / mem=4258MB
  ✓ 파일 완료: 121청크 / 102.2s / gc=2037963객체 / mem=367MB
  ▷ 5초 휴식 후 다음 파일…

----------------------------------------------------------------------
[2/3] 2026 서울 MICE 홈페이지 및 종합지원시스템 통합 유지보수 용역_기술제안서_원본.pdf
----------------------------------------------------------------------
  ▷ PDF 파싱… mem=365MB
    캐시 히트: 2026 서울 MICE 홈페이지 및 종합지원시스템 통합 유지보수 용역_기술제안서_원본.json
    페이지 163 / mem=366MB
  ▷ 청킹 + 임베딩 + upsert (스트리밍, batch=16)…
    flush 16청크 / 파일누적 16 / 컬렉션 277 / mem=367MB
    flush 16청크 / 파일누적 32 / 컬렉션 293 / mem=366MB
    flush 16청크 / 파일누적 48 / 컬렉션 309 / mem=368MB
    flush 16청크 / 파일누적 64 / 컬렉션 325 / mem=368MB
    flush 16청크 / 파일누적 80 / 컬렉션 341 / mem=369MB
    flush 16청크 / 파일누적 96 / 컬렉션 357 / mem=369MB
    flush 16청크 / 파일누적 112 / 컬렉션 373 / mem=370MB
    flush 16청크 / 파일누적 128 / 컬렉션 389 / mem=366MB
    flush 16청크 / 파일누적 144 / 컬렉션 405 / mem=366MB
    flush 16청크 / 파일누적 160 / 컬렉션 421 / mem=367MB
    flush 16청크 / 파일누적 176 / 컬렉션 437 / mem=368MB
    flush 16청크 / 파일누적 192 / 컬렉션 453 / mem=366MB
    flush 3청크 / 파일누적 195 / 컬렉션 456 / mem=365MB
  ✓ 파일 완료: 195청크 / 55.4s / gc=0객체 / mem=365MB
  ▷ 5초 휴식 후 다음 파일…

----------------------------------------------------------------------
[3/3] 2026년 내친구서울 누리집 재개발 용역_기술제안서_원본.pdf
----------------------------------------------------------------------
  ▷ PDF 파싱… mem=365MB
    pdfplumber 열림 (페이지 166)
    페이지 진행: 5/166  mem=395MB
    페이지 진행: 10/166  mem=558MB
    페이지 진행: 15/166  mem=960MB
    페이지 진행: 20/166  mem=983MB
    페이지 진행: 25/166  mem=1331MB
    페이지 진행: 30/166  mem=1672MB
    페이지 진행: 35/166  mem=1928MB
    페이지 진행: 40/166  mem=2179MB
    페이지 진행: 45/166  mem=2417MB
    페이지 진행: 50/166  mem=2643MB
    페이지 진행: 55/166  mem=2891MB
    페이지 진행: 60/166  mem=3231MB
    페이지 진행: 65/166  mem=3484MB
    페이지 진행: 70/166  mem=3779MB
    페이지 진행: 75/166  mem=4019MB
    페이지 진행: 80/166  mem=4267MB
    페이지 진행: 85/166  mem=4594MB
    페이지 진행: 90/166  mem=5009MB
    페이지 진행: 95/166  mem=5278MB
    페이지 진행: 100/166  mem=5299MB
    페이지 진행: 105/166  mem=5320MB
    페이지 진행: 110/166  mem=5657MB
    페이지 진행: 115/166  mem=5954MB
    페이지 진행: 120/166  mem=6364MB
    페이지 진행: 125/166  mem=6654MB
    페이지 진행: 130/166  mem=7014MB
    페이지 진행: 135/166  mem=7358MB
    페이지 진행: 140/166  mem=7753MB
    페이지 진행: 145/166  mem=8020MB
    페이지 진행: 150/166  mem=8346MB
    페이지 진행: 155/166  mem=8740MB
    페이지 진행: 160/166  mem=9018MB
    페이지 진행: 165/166  mem=9237MB
    페이지 진행: 166/166  mem=9237MB
    캐시 저장: 2026년 내친구서울 누리집 재개발 용역_기술제안서_원본.json
    페이지 166 / mem=9237MB
  ▷ 청킹 + 임베딩 + upsert (스트리밍, batch=16)…
    flush 16청크 / 파일누적 16 / 컬렉션 472 / mem=9240MB
    flush 16청크 / 파일누적 32 / 컬렉션 488 / mem=9242MB
    flush 16청크 / 파일누적 48 / 컬렉션 504 / mem=9244MB
    flush 16청크 / 파일누적 64 / 컬렉션 520 / mem=9244MB
    flush 16청크 / 파일누적 80 / 컬렉션 536 / mem=9244MB
    flush 16청크 / 파일누적 96 / 컬렉션 552 / mem=9245MB
    flush 16청크 / 파일누적 112 / 컬렉션 568 / mem=9245MB
    flush 16청크 / 파일누적 128 / 컬렉션 584 / mem=9245MB
    flush 16청크 / 파일누적 144 / 컬렉션 600 / mem=9245MB
    flush 16청크 / 파일누적 160 / 컬렉션 616 / mem=9245MB
    flush 16청크 / 파일누적 176 / 컬렉션 632 / mem=9245MB
    flush 16청크 / 파일누적 192 / 컬렉션 648 / mem=9246MB
    flush 16청크 / 파일누적 208 / 컬렉션 664 / mem=9246MB
    flush 7청크 / 파일누적 215 / 컬렉션 671 / mem=9246MB
  ✓ 파일 완료: 215청크 / 231.9s / gc=4356733객체 / mem=476MB

======================================================================
인덱싱 완료: 누적 531청크 (컬렉션 총 671)
총 소요: 399.5s / 종료 메모리: 475MB
  - [정성제안서]KYWA 대표홈페이지 유지보수 용역_v1.0.pdf: 121청크
  - 2026 서울 MICE 홈페이지 및 종합지원시스템 통합 유지보수 용역_기술제안서_원본.pdf: 195청크
  - 2026년 내친구서울 누리집 재개발 용역_기술제안서_원본.pdf: 215청크

======================================================================
검증 쿼리 (top-3 / 출처 + 유사도 + 미리보기)
======================================================================

[Q] 공공기관 유지보수 평가 기준
  1. score=0.3700  src=2026 서울 MICE 홈페이지 및 종합지원시스템 통합 유지보수 용역_기술제안서_원본.pdf
     ▸ 5.6 유지관리 범위 공통사항 유지관리 대상시스템전반에대해공통운영기준을적용하여, 장애대응·보안관리·정기점검·요청사항 처리를일관되게수행합니다. ■ 유지관리 공통 적용 범위 및 수행 
  2. score=0.3650  src=[정성제안서]KYWA 대표홈페이지 유지보수 용역_v1.0.pdf
     ▸ KYWA 대표홈페이지 유지보수 용역 제 안 서 한국청소년활동진흥원 KYWA 대표홈페이지 유지보수 용역 제 안 서 2026.04 목차 일반현황 전략 및 방법론 기술 및 기능 성능 및
  3. score=0.3639  src=[정성제안서]KYWA 대표홈페이지 유지보수 용역_v1.0.pdf
     ▸ 접근성, 호환성개선 | O 웹표준,접근 | 성, 호환성개선 | 52,53 16 | COR-002 | 저작권및지적재산권 보호 | O 저작권및 | 손해배상책임 | 55 17 | COR

[Q] 보안 요구사항 대응 방안
  1. score=0.5214  src=[정성제안서]KYWA 대표홈페이지 유지보수 용역_v1.0.pdf
     ▸ 1.2 위험관리 계획 요구사항식별부터 구현, 검증, 납품까지전단계에걸친End-to-End 추적관리체계를 운영하여요구사항 충족도, 변경이력, 영향도분석을통합관리하고, 품질리스크및계약
  2. score=0.5119  src=2026년 내친구서울 누리집 재개발 용역_기술제안서_원본.pdf
     ▸ 1.3 리스크 관리 요구사항 식별부터구현, 검증, 납품까지전단계에걸친End-to-End 추적관리체계를 운영하여요구사항 충족도, 변경이력, 영향도분석을통합관리하고, 품질리스크및계약미
  3. score=0.5112  src=2026 서울 MICE 홈페이지 및 종합지원시스템 통합 유지보수 용역_기술제안서_원본.pdf
     ▸ 1.3 리스크 관리 요구사항 식별부터구현, 검증, 납품까지전단계에걸친End-to-End 추적관리체계를 운영하여요구사항 충족도, 변경이력, 영향도분석을통합관리하고, 품질리스크및계약미

[Q] 프로젝트 관리 방법론
  1. score=0.5129  src=[정성제안서]KYWA 대표홈페이지 유지보수 용역_v1.0.pdf
     ▸ 관리방법론 일정계획 기밀보안 KYWA 대표홈페이지유지보수용역
  2. score=0.4867  src=[경찰청] 스마트워크시스템 고도화 사업 제안_발표자료_GD_완_v10.pdf
     ▸ ) EL 작업 스케줄링 및 모니 모니터링 기능 제공 | 사 : 오브젠 그레이션 소프트웨어 GUI 기반에서 개발하고 효율적으로 데이터의 자유로운 이동 및 을 지원 월 단위 등 주기 
  3. score=0.4727  src=2026년 내친구서울 누리집 재개발 용역_기술제안서_원본.pdf
     ▸ 관리 방법론 일정계획 형상관리 업무보고 및 검토계획 개발장비 2026년내친구서울누리집재개발용역

======================================================================
[OK] 모든 검증 쿼리가 화이트리스트 안에서 결과 반환
