======================================================================
[B-1 SAFE] 인덱싱 시작 (C:\Users\ykiki\Projects\AI-Proposal\proposal_ai\data\winning_proposals)
  시작 메모리: 80MB
  - [경찰청] 스마트워크시스템 고도화 사업 제안_발표자료_GD_완_v10.pdf
======================================================================
ChromaDB 연결 중…
[32m2026-04-30 13:29:50.483[0m | [1mINFO    [0m | [36mrag.vector_store[0m:[36m__init__[0m:[36m54[0m - [1mVectorStore 초기화: reference_proposals (현재 0건)[0m
  시작 시점 컬렉션 청크 수: 0

----------------------------------------------------------------------
[1/1] [경찰청] 스마트워크시스템 고도화 사업 제안_발표자료_GD_완_v10.pdf
----------------------------------------------------------------------
  ▷ PDF 파싱… mem=114MB
    캐시 히트: [경찰청] 스마트워크시스템 고도화 사업 제안_발표자료_GD_완_v10.json
    페이지 74 / mem=114MB
  ▷ 청킹 + 임베딩 + upsert (스트리밍, batch=16)…
    flush 16청크 / 파일누적 16 / 컬렉션 16 / mem=127MB
    flush 16청크 / 파일누적 32 / 컬렉션 32 / mem=128MB
    flush 16청크 / 파일누적 48 / 컬렉션 48 / mem=129MB
    flush 16청크 / 파일누적 64 / 컬렉션 64 / mem=129MB
    flush 16청크 / 파일누적 80 / 컬렉션 80 / mem=130MB
    flush 16청크 / 파일누적 96 / 컬렉션 96 / mem=131MB
    flush 16청크 / 파일누적 112 / 컬렉션 112 / mem=132MB
    flush 16청크 / 파일누적 128 / 컬렉션 128 / mem=132MB
    flush 12청크 / 파일누적 140 / 컬렉션 140 / mem=133MB
  ✓ 파일 완료: 140청크 / 50.9s / gc=69객체 / mem=133MB

======================================================================
인덱싱 완료: 누적 140청크 (컬렉션 총 140)
총 소요: 50.9s / 종료 메모리: 133MB
  - [경찰청] 스마트워크시스템 고도화 사업 제안_발표자료_GD_완_v10.pdf: 140청크
[OK] --skip-verify, 검증 쿼리 생략
